<?xml version="1.0" encoding="UTF-8"?>
<testsuite xmlns:xsi="http://www.w3.org/2001/XMLSchema-instance" xsi:noNamespaceSchemaLocation="https://maven.apache.org/surefire/maven-surefire-plugin/xsd/surefire-test-report.xsd" name="accounts.client.AccountClientTests" time="1.041" tests="7" errors="0" skipped="6" failures="0">
  <properties>
    <property name="java.specification.version" value="17"/>
    <property name="sun.jnu.encoding" value="UTF-8"/>
    <property name="java.class.path" value="/Users/yuseogi/Desktop/work/github/Today-I-Learned/SPRING/spring-certified-professional/lab/42-security-rest/target/test-classes:/Users/yuseogi/Desktop/work/github/Today-I-Learned/SPRING/spring-certified-professional/lab/42-security-rest/target/classes:/Users/yuseogi/.m2/repository/org/springframework/boot/spring-boot-starter-web/2.7.5/spring-boot-starter-web-2.7.5.jar:/Users/yuseogi/.m2/repository/org/springframework/boot/spring-boot-starter-json/2.7.5/spring-boot-starter-json-2.7.5.jar:/Users/yuseogi/.m2/repository/com/fasterxml/jackson/core/jackson-databind/2.13.4.2/jackson-databind-2.13.4.2.jar:/Users/yuseogi/.m2/repository/com/fasterxml/jackson/core/jackson-core/2.13.4/jackson-core-2.13.4.jar:/Users/yuseogi/.m2/repository/com/fasterxml/jackson/datatype/jackson-datatype-jdk8/2.13.4/jackson-datatype-jdk8-2.13.4.jar:/Users/yuseogi/.m2/repository/com/fasterxml/jackson/datatype/jackson-datatype-jsr310/2.13.4/jackson-datatype-jsr310-2.13.4.jar:/Users/yuseogi/.m2/repository/com/fasterxml/jackson/module/jackson-module-parameter-names/2.13.4/jackson-module-parameter-names-2.13.4.jar:/Users/yuseogi/.m2/repository/org/springframework/boot/spring-boot-starter-tomcat/2.7.5/spring-boot-starter-tomcat-2.7.5.jar:/Users/yuseogi/.m2/repository/org/apache/tomcat/embed/tomcat-embed-core/9.0.68/tomcat-embed-core-9.0.68.jar:/Users/yuseogi/.m2/repository/org/apache/tomcat/embed/tomcat-embed-el/9.0.68/tomcat-embed-el-9.0.68.jar:/Users/yuseogi/.m2/repository/org/apache/tomcat/embed/tomcat-embed-websocket/9.0.68/tomcat-embed-websocket-9.0.68.jar:/Users/yuseogi/.m2/repository/org/springframework/spring-web/5.3.23/spring-web-5.3.23.jar:/Users/yuseogi/.m2/repository/org/springframework/spring-webmvc/5.3.23/spring-webmvc-5.3.23.jar:/Users/yuseogi/.m2/repository/org/springframework/spring-context/5.3.23/spring-context-5.3.23.jar:/Users/yuseogi/.m2/repository/org/springframework/spring-expression/5.3.23/spring-expression-5.3.23.jar:/Users/yuseogi/.m2/repository/org/springframework/boot/spring-boot-starter-security/2.7.5/spring-boot-starter-security-2.7.5.jar:/Users/yuseogi/.m2/repository/org/springframework/spring-aop/5.3.23/spring-aop-5.3.23.jar:/Users/yuseogi/.m2/repository/org/springframework/security/spring-security-config/5.8.0/spring-security-config-5.8.0.jar:/Users/yuseogi/.m2/repository/org/springframework/security/spring-security-web/5.8.0/spring-security-web-5.8.0.jar:/Users/yuseogi/.m2/repository/org/springframework/security/spring-security-test/5.8.0/spring-security-test-5.8.0.jar:/Users/yuseogi/.m2/repository/org/springframework/security/spring-security-core/5.8.0/spring-security-core-5.8.0.jar:/Users/yuseogi/.m2/repository/org/springframework/security/spring-security-crypto/5.8.0/spring-security-crypto-5.8.0.jar:/Users/yuseogi/.m2/repository/org/springframework/spring-core/5.3.23/spring-core-5.3.23.jar:/Users/yuseogi/.m2/repository/org/springframework/spring-jcl/5.3.23/spring-jcl-5.3.23.jar:/Users/yuseogi/.m2/repository/org/springframework/spring-test/5.3.23/spring-test-5.3.23.jar:/Users/yuseogi/.m2/repository/org/springframework/boot/spring-boot-devtools/2.7.5/spring-boot-devtools-2.7.5.jar:/Users/yuseogi/.m2/repository/org/springframework/boot/spring-boot/2.7.5/spring-boot-2.7.5.jar:/Users/yuseogi/.m2/repository/org/springframework/boot/spring-boot-autoconfigure/2.7.5/spring-boot-autoconfigure-2.7.5.jar:/Users/yuseogi/Desktop/work/github/Today-I-Learned/SPRING/spring-certified-professional/lab/00-rewards-common/target/00-rewards-common-5.3.23.jar:/Users/yuseogi/.m2/repository/org/hibernate/hibernate-entitymanager/5.6.12.Final/hibernate-entitymanager-5.6.12.Final.jar:/Users/yuseogi/.m2/repository/org/jboss/logging/jboss-logging/3.4.3.Final/jboss-logging-3.4.3.Final.jar:/Users/yuseogi/.m2/repository/org/hibernate/hibernate-core/5.6.12.Final/hibernate-core-5.6.12.Final.jar:/Users/yuseogi/.m2/repository/antlr/antlr/2.7.7/antlr-2.7.7.jar:/Users/yuseogi/.m2/repository/org/jboss/jandex/2.4.2.Final/jandex-2.4.2.Final.jar:/Users/yuseogi/.m2/repository/com/fasterxml/classmate/1.5.1/classmate-1.5.1.jar:/Users/yuseogi/.m2/repository/javax/activation/javax.activation-api/1.2.0/javax.activation-api-1.2.0.jar:/Users/yuseogi/.m2/repository/javax/xml/bind/jaxb-api/2.3.1/jaxb-api-2.3.1.jar:/Users/yuseogi/.m2/repository/org/glassfish/jaxb/jaxb-runtime/2.3.7/jaxb-runtime-2.3.7.jar:/Users/yuseogi/.m2/repository/org/glassfish/jaxb/txw2/2.3.7/txw2-2.3.7.jar:/Users/yuseogi/.m2/repository/com/sun/istack/istack-commons-runtime/3.0.12/istack-commons-runtime-3.0.12.jar:/Users/yuseogi/.m2/repository/com/sun/activation/jakarta.activation/1.2.2/jakarta.activation-1.2.2.jar:/Users/yuseogi/.m2/repository/org/hibernate/common/hibernate-commons-annotations/5.1.2.Final/hibernate-commons-annotations-5.1.2.Final.jar:/Users/yuseogi/.m2/repository/javax/persistence/javax.persistence-api/2.2/javax.persistence-api-2.2.jar:/Users/yuseogi/.m2/repository/net/bytebuddy/byte-buddy/1.12.18/byte-buddy-1.12.18.jar:/Users/yuseogi/.m2/repository/org/jboss/spec/javax/transaction/jboss-transaction-api_1.2_spec/1.1.1.Final/jboss-transaction-api_1.2_spec-1.1.1.Final.jar:/Users/yuseogi/.m2/repository/com/fasterxml/jackson/core/jackson-annotations/2.13.4/jackson-annotations-2.13.4.jar:/Users/yuseogi/Desktop/work/github/Today-I-Learned/SPRING/spring-certified-professional/lab/01-rewards-db/target/01-rewards-db-5.3.23.jar:/Users/yuseogi/.m2/repository/org/springframework/spring-orm/5.3.23/spring-orm-5.3.23.jar:/Users/yuseogi/.m2/repository/org/springframework/boot/spring-boot-starter/2.7.5/spring-boot-starter-2.7.5.jar:/Users/yuseogi/.m2/repository/org/springframework/boot/spring-boot-starter-logging/2.7.5/spring-boot-starter-logging-2.7.5.jar:/Users/yuseogi/.m2/repository/ch/qos/logback/logback-classic/1.2.11/logback-classic-1.2.11.jar:/Users/yuseogi/.m2/repository/ch/qos/logback/logback-core/1.2.11/logback-core-1.2.11.jar:/Users/yuseogi/.m2/repository/org/apache/logging/log4j/log4j-to-slf4j/2.17.2/log4j-to-slf4j-2.17.2.jar:/Users/yuseogi/.m2/repository/org/apache/logging/log4j/log4j-api/2.17.2/log4j-api-2.17.2.jar:/Users/yuseogi/.m2/repository/org/slf4j/jul-to-slf4j/1.7.36/jul-to-slf4j-1.7.36.jar:/Users/yuseogi/.m2/repository/jakarta/annotation/jakarta.annotation-api/1.3.5/jakarta.annotation-api-1.3.5.jar:/Users/yuseogi/.m2/repository/org/yaml/snakeyaml/1.30/snakeyaml-1.30.jar:/Users/yuseogi/.m2/repository/org/springframework/boot/spring-boot-starter-test/2.7.5/spring-boot-starter-test-2.7.5.jar:/Users/yuseogi/.m2/repository/org/springframework/boot/spring-boot-test/2.7.5/spring-boot-test-2.7.5.jar:/Users/yuseogi/.m2/repository/org/springframework/boot/spring-boot-test-autoconfigure/2.7.5/spring-boot-test-autoconfigure-2.7.5.jar:/Users/yuseogi/.m2/repository/com/jayway/jsonpath/json-path/2.7.0/json-path-2.7.0.jar:/Users/yuseogi/.m2/repository/net/minidev/json-smart/2.4.8/json-smart-2.4.8.jar:/Users/yuseogi/.m2/repository/net/minidev/accessors-smart/2.4.8/accessors-smart-2.4.8.jar:/Users/yuseogi/.m2/repository/org/ow2/asm/asm/9.1/asm-9.1.jar:/Users/yuseogi/.m2/repository/org/slf4j/slf4j-api/1.7.36/slf4j-api-1.7.36.jar:/Users/yuseogi/.m2/repository/jakarta/xml/bind/jakarta.xml.bind-api/2.3.3/jakarta.xml.bind-api-2.3.3.jar:/Users/yuseogi/.m2/repository/jakarta/activation/jakarta.activation-api/1.2.2/jakarta.activation-api-1.2.2.jar:/Users/yuseogi/.m2/repository/org/assertj/assertj-core/3.22.0/assertj-core-3.22.0.jar:/Users/yuseogi/.m2/repository/org/hamcrest/hamcrest/2.2/hamcrest-2.2.jar:/Users/yuseogi/.m2/repository/org/junit/jupiter/junit-jupiter/5.8.2/junit-jupiter-5.8.2.jar:/Users/yuseogi/.m2/repository/org/junit/jupiter/junit-jupiter-api/5.8.2/junit-jupiter-api-5.8.2.jar:/Users/yuseogi/.m2/repository/org/opentest4j/opentest4j/1.2.0/opentest4j-1.2.0.jar:/Users/yuseogi/.m2/repository/org/junit/platform/junit-platform-commons/1.8.2/junit-platform-commons-1.8.2.jar:/Users/yuseogi/.m2/repository/org/apiguardian/apiguardian-api/1.1.2/apiguardian-api-1.1.2.jar:/Users/yuseogi/.m2/repository/org/junit/jupiter/junit-jupiter-params/5.8.2/junit-jupiter-params-5.8.2.jar:/Users/yuseogi/.m2/repository/org/junit/jupiter/junit-jupiter-engine/5.8.2/junit-jupiter-engine-5.8.2.jar:/Users/yuseogi/.m2/repository/org/junit/platform/junit-platform-engine/1.8.2/junit-platform-engine-1.8.2.jar:/Users/yuseogi/.m2/repository/org/mockito/mockito-core/4.5.1/mockito-core-4.5.1.jar:/Users/yuseogi/.m2/repository/net/bytebuddy/byte-buddy-agent/1.12.18/byte-buddy-agent-1.12.18.jar:/Users/yuseogi/.m2/repository/org/objenesis/objenesis/3.2/objenesis-3.2.jar:/Users/yuseogi/.m2/repository/org/mockito/mockito-junit-jupiter/4.5.1/mockito-junit-jupiter-4.5.1.jar:/Users/yuseogi/.m2/repository/org/skyscreamer/jsonassert/1.5.1/jsonassert-1.5.1.jar:/Users/yuseogi/.m2/repository/com/vaadin/external/google/android-json/0.0.20131108.vaadin1/android-json-0.0.20131108.vaadin1.jar:/Users/yuseogi/.m2/repository/org/xmlunit/xmlunit-core/2.9.0/xmlunit-core-2.9.0.jar:/Users/yuseogi/.m2/repository/org/springframework/spring-jdbc/5.3.23/spring-jdbc-5.3.23.jar:/Users/yuseogi/.m2/repository/org/springframework/spring-beans/5.3.23/spring-beans-5.3.23.jar:/Users/yuseogi/.m2/repository/org/springframework/spring-tx/5.3.23/spring-tx-5.3.23.jar:/Users/yuseogi/.m2/repository/org/hsqldb/hsqldb/2.5.2/hsqldb-2.5.2.jar:"/>
    <property name="java.vm.vendor" value="Homebrew"/>
    <property name="sun.arch.data.model" value="64"/>
    <property name="java.vendor.url" value="https://github.com/Homebrew/homebrew-core/issues"/>
    <property name="os.name" value="Mac OS X"/>
    <property name="java.vm.specification.version" value="17"/>
    <property name="sun.java.launcher" value="SUN_STANDARD"/>
    <property name="user.country" value="KR"/>
    <property name="sun.boot.library.path" value="/opt/homebrew/Cellar/openjdk@17/17.0.9/libexec/openjdk.jdk/Contents/Home/lib"/>
    <property name="sun.java.command" value="/Users/yuseogi/Desktop/work/github/Today-I-Learned/SPRING/spring-certified-professional/lab/42-security-rest/target/surefire/surefirebooter10754673593608043556.jar /Users/yuseogi/Desktop/work/github/Today-I-Learned/SPRING/spring-certified-professional/lab/42-security-rest/target/surefire 2024-01-13T07-19-47_766-jvmRun1 surefire8753514446058513170tmp surefire_271991301393393199213tmp"/>
    <property name="http.nonProxyHosts" value="local|*.local|169.254/16|*.169.254/16"/>
    <property name="jdk.debug" value="release"/>
    <property name="surefire.test.class.path" value="/Users/yuseogi/Desktop/work/github/Today-I-Learned/SPRING/spring-certified-professional/lab/42-security-rest/target/test-classes:/Users/yuseogi/Desktop/work/github/Today-I-Learned/SPRING/spring-certified-professional/lab/42-security-rest/target/classes:/Users/yuseogi/.m2/repository/org/springframework/boot/spring-boot-starter-web/2.7.5/spring-boot-starter-web-2.7.5.jar:/Users/yuseogi/.m2/repository/org/springframework/boot/spring-boot-starter-json/2.7.5/spring-boot-starter-json-2.7.5.jar:/Users/yuseogi/.m2/repository/com/fasterxml/jackson/core/jackson-databind/2.13.4.2/jackson-databind-2.13.4.2.jar:/Users/yuseogi/.m2/repository/com/fasterxml/jackson/core/jackson-core/2.13.4/jackson-core-2.13.4.jar:/Users/yuseogi/.m2/repository/com/fasterxml/jackson/datatype/jackson-datatype-jdk8/2.13.4/jackson-datatype-jdk8-2.13.4.jar:/Users/yuseogi/.m2/repository/com/fasterxml/jackson/datatype/jackson-datatype-jsr310/2.13.4/jackson-datatype-jsr310-2.13.4.jar:/Users/yuseogi/.m2/repository/com/fasterxml/jackson/module/jackson-module-parameter-names/2.13.4/jackson-module-parameter-names-2.13.4.jar:/Users/yuseogi/.m2/repository/org/springframework/boot/spring-boot-starter-tomcat/2.7.5/spring-boot-starter-tomcat-2.7.5.jar:/Users/yuseogi/.m2/repository/org/apache/tomcat/embed/tomcat-embed-core/9.0.68/tomcat-embed-core-9.0.68.jar:/Users/yuseogi/.m2/repository/org/apache/tomcat/embed/tomcat-embed-el/9.0.68/tomcat-embed-el-9.0.68.jar:/Users/yuseogi/.m2/repository/org/apache/tomcat/embed/tomcat-embed-websocket/9.0.68/tomcat-embed-websocket-9.0.68.jar:/Users/yuseogi/.m2/repository/org/springframework/spring-web/5.3.23/spring-web-5.3.23.jar:/Users/yuseogi/.m2/repository/org/springframework/spring-webmvc/5.3.23/spring-webmvc-5.3.23.jar:/Users/yuseogi/.m2/repository/org/springframework/spring-context/5.3.23/spring-context-5.3.23.jar:/Users/yuseogi/.m2/repository/org/springframework/spring-expression/5.3.23/spring-expression-5.3.23.jar:/Users/yuseogi/.m2/repository/org/springframework/boot/spring-boot-starter-security/2.7.5/spring-boot-starter-security-2.7.5.jar:/Users/yuseogi/.m2/repository/org/springframework/spring-aop/5.3.23/spring-aop-5.3.23.jar:/Users/yuseogi/.m2/repository/org/springframework/security/spring-security-config/5.8.0/spring-security-config-5.8.0.jar:/Users/yuseogi/.m2/repository/org/springframework/security/spring-security-web/5.8.0/spring-security-web-5.8.0.jar:/Users/yuseogi/.m2/repository/org/springframework/security/spring-security-test/5.8.0/spring-security-test-5.8.0.jar:/Users/yuseogi/.m2/repository/org/springframework/security/spring-security-core/5.8.0/spring-security-core-5.8.0.jar:/Users/yuseogi/.m2/repository/org/springframework/security/spring-security-crypto/5.8.0/spring-security-crypto-5.8.0.jar:/Users/yuseogi/.m2/repository/org/springframework/spring-core/5.3.23/spring-core-5.3.23.jar:/Users/yuseogi/.m2/repository/org/springframework/spring-jcl/5.3.23/spring-jcl-5.3.23.jar:/Users/yuseogi/.m2/repository/org/springframework/spring-test/5.3.23/spring-test-5.3.23.jar:/Users/yuseogi/.m2/repository/org/springframework/boot/spring-boot-devtools/2.7.5/spring-boot-devtools-2.7.5.jar:/Users/yuseogi/.m2/repository/org/springframework/boot/spring-boot/2.7.5/spring-boot-2.7.5.jar:/Users/yuseogi/.m2/repository/org/springframework/boot/spring-boot-autoconfigure/2.7.5/spring-boot-autoconfigure-2.7.5.jar:/Users/yuseogi/Desktop/work/github/Today-I-Learned/SPRING/spring-certified-professional/lab/00-rewards-common/target/00-rewards-common-5.3.23.jar:/Users/yuseogi/.m2/repository/org/hibernate/hibernate-entitymanager/5.6.12.Final/hibernate-entitymanager-5.6.12.Final.jar:/Users/yuseogi/.m2/repository/org/jboss/logging/jboss-logging/3.4.3.Final/jboss-logging-3.4.3.Final.jar:/Users/yuseogi/.m2/repository/org/hibernate/hibernate-core/5.6.12.Final/hibernate-core-5.6.12.Final.jar:/Users/yuseogi/.m2/repository/antlr/antlr/2.7.7/antlr-2.7.7.jar:/Users/yuseogi/.m2/repository/org/jboss/jandex/2.4.2.Final/jandex-2.4.2.Final.jar:/Users/yuseogi/.m2/repository/com/fasterxml/classmate/1.5.1/classmate-1.5.1.jar:/Users/yuseogi/.m2/repository/javax/activation/javax.activation-api/1.2.0/javax.activation-api-1.2.0.jar:/Users/yuseogi/.m2/repository/javax/xml/bind/jaxb-api/2.3.1/jaxb-api-2.3.1.jar:/Users/yuseogi/.m2/repository/org/glassfish/jaxb/jaxb-runtime/2.3.7/jaxb-runtime-2.3.7.jar:/Users/yuseogi/.m2/repository/org/glassfish/jaxb/txw2/2.3.7/txw2-2.3.7.jar:/Users/yuseogi/.m2/repository/com/sun/istack/istack-commons-runtime/3.0.12/istack-commons-runtime-3.0.12.jar:/Users/yuseogi/.m2/repository/com/sun/activation/jakarta.activation/1.2.2/jakarta.activation-1.2.2.jar:/Users/yuseogi/.m2/repository/org/hibernate/common/hibernate-commons-annotations/5.1.2.Final/hibernate-commons-annotations-5.1.2.Final.jar:/Users/yuseogi/.m2/repository/javax/persistence/javax.persistence-api/2.2/javax.persistence-api-2.2.jar:/Users/yuseogi/.m2/repository/net/bytebuddy/byte-buddy/1.12.18/byte-buddy-1.12.18.jar:/Users/yuseogi/.m2/repository/org/jboss/spec/javax/transaction/jboss-transaction-api_1.2_spec/1.1.1.Final/jboss-transaction-api_1.2_spec-1.1.1.Final.jar:/Users/yuseogi/.m2/repository/com/fasterxml/jackson/core/jackson-annotations/2.13.4/jackson-annotations-2.13.4.jar:/Users/yuseogi/Desktop/work/github/Today-I-Learned/SPRING/spring-certified-professional/lab/01-rewards-db/target/01-rewards-db-5.3.23.jar:/Users/yuseogi/.m2/repository/org/springframework/spring-orm/5.3.23/spring-orm-5.3.23.jar:/Users/yuseogi/.m2/repository/org/springframework/boot/spring-boot-starter/2.7.5/spring-boot-starter-2.7.5.jar:/Users/yuseogi/.m2/repository/org/springframework/boot/spring-boot-starter-logging/2.7.5/spring-boot-starter-logging-2.7.5.jar:/Users/yuseogi/.m2/repository/ch/qos/logback/logback-classic/1.2.11/logback-classic-1.2.11.jar:/Users/yuseogi/.m2/repository/ch/qos/logback/logback-core/1.2.11/logback-core-1.2.11.jar:/Users/yuseogi/.m2/repository/org/apache/logging/log4j/log4j-to-slf4j/2.17.2/log4j-to-slf4j-2.17.2.jar:/Users/yuseogi/.m2/repository/org/apache/logging/log4j/log4j-api/2.17.2/log4j-api-2.17.2.jar:/Users/yuseogi/.m2/repository/org/slf4j/jul-to-slf4j/1.7.36/jul-to-slf4j-1.7.36.jar:/Users/yuseogi/.m2/repository/jakarta/annotation/jakarta.annotation-api/1.3.5/jakarta.annotation-api-1.3.5.jar:/Users/yuseogi/.m2/repository/org/yaml/snakeyaml/1.30/snakeyaml-1.30.jar:/Users/yuseogi/.m2/repository/org/springframework/boot/spring-boot-starter-test/2.7.5/spring-boot-starter-test-2.7.5.jar:/Users/yuseogi/.m2/repository/org/springframework/boot/spring-boot-test/2.7.5/spring-boot-test-2.7.5.jar:/Users/yuseogi/.m2/repository/org/springframework/boot/spring-boot-test-autoconfigure/2.7.5/spring-boot-test-autoconfigure-2.7.5.jar:/Users/yuseogi/.m2/repository/com/jayway/jsonpath/json-path/2.7.0/json-path-2.7.0.jar:/Users/yuseogi/.m2/repository/net/minidev/json-smart/2.4.8/json-smart-2.4.8.jar:/Users/yuseogi/.m2/repository/net/minidev/accessors-smart/2.4.8/accessors-smart-2.4.8.jar:/Users/yuseogi/.m2/repository/org/ow2/asm/asm/9.1/asm-9.1.jar:/Users/yuseogi/.m2/repository/org/slf4j/slf4j-api/1.7.36/slf4j-api-1.7.36.jar:/Users/yuseogi/.m2/repository/jakarta/xml/bind/jakarta.xml.bind-api/2.3.3/jakarta.xml.bind-api-2.3.3.jar:/Users/yuseogi/.m2/repository/jakarta/activation/jakarta.activation-api/1.2.2/jakarta.activation-api-1.2.2.jar:/Users/yuseogi/.m2/repository/org/assertj/assertj-core/3.22.0/assertj-core-3.22.0.jar:/Users/yuseogi/.m2/repository/org/hamcrest/hamcrest/2.2/hamcrest-2.2.jar:/Users/yuseogi/.m2/repository/org/junit/jupiter/junit-jupiter/5.8.2/junit-jupiter-5.8.2.jar:/Users/yuseogi/.m2/repository/org/junit/jupiter/junit-jupiter-api/5.8.2/junit-jupiter-api-5.8.2.jar:/Users/yuseogi/.m2/repository/org/opentest4j/opentest4j/1.2.0/opentest4j-1.2.0.jar:/Users/yuseogi/.m2/repository/org/junit/platform/junit-platform-commons/1.8.2/junit-platform-commons-1.8.2.jar:/Users/yuseogi/.m2/repository/org/apiguardian/apiguardian-api/1.1.2/apiguardian-api-1.1.2.jar:/Users/yuseogi/.m2/repository/org/junit/jupiter/junit-jupiter-params/5.8.2/junit-jupiter-params-5.8.2.jar:/Users/yuseogi/.m2/repository/org/junit/jupiter/junit-jupiter-engine/5.8.2/junit-jupiter-engine-5.8.2.jar:/Users/yuseogi/.m2/repository/org/junit/platform/junit-platform-engine/1.8.2/junit-platform-engine-1.8.2.jar:/Users/yuseogi/.m2/repository/org/mockito/mockito-core/4.5.1/mockito-core-4.5.1.jar:/Users/yuseogi/.m2/repository/net/bytebuddy/byte-buddy-agent/1.12.18/byte-buddy-agent-1.12.18.jar:/Users/yuseogi/.m2/repository/org/objenesis/objenesis/3.2/objenesis-3.2.jar:/Users/yuseogi/.m2/repository/org/mockito/mockito-junit-jupiter/4.5.1/mockito-junit-jupiter-4.5.1.jar:/Users/yuseogi/.m2/repository/org/skyscreamer/jsonassert/1.5.1/jsonassert-1.5.1.jar:/Users/yuseogi/.m2/repository/com/vaadin/external/google/android-json/0.0.20131108.vaadin1/android-json-0.0.20131108.vaadin1.jar:/Users/yuseogi/.m2/repository/org/xmlunit/xmlunit-core/2.9.0/xmlunit-core-2.9.0.jar:/Users/yuseogi/.m2/repository/org/springframework/spring-jdbc/5.3.23/spring-jdbc-5.3.23.jar:/Users/yuseogi/.m2/repository/org/springframework/spring-beans/5.3.23/spring-beans-5.3.23.jar:/Users/yuseogi/.m2/repository/org/springframework/spring-tx/5.3.23/spring-tx-5.3.23.jar:/Users/yuseogi/.m2/repository/org/hsqldb/hsqldb/2.5.2/hsqldb-2.5.2.jar:"/>
    <property name="sun.cpu.endian" value="little"/>
    <property name="user.home" value="/Users/yuseogi"/>
    <property name="user.language" value="ko"/>
    <property name="java.specification.vendor" value="Oracle Corporation"/>
    <property name="java.version.date" value="2023-10-17"/>
    <property name="java.home" value="/opt/homebrew/Cellar/openjdk@17/17.0.9/libexec/openjdk.jdk/Contents/Home"/>
    <property name="file.separator" value="/"/>
    <property name="basedir" value="/Users/yuseogi/Desktop/work/github/Today-I-Learned/SPRING/spring-certified-professional/lab/42-security-rest"/>
    <property name="java.vm.compressedOopsMode" value="Zero based"/>
    <property name="line.separator" value="&#10;"/>
    <property name="java.specification.name" value="Java Platform API Specification"/>
    <property name="java.vm.specification.vendor" value="Oracle Corporation"/>
    <property name="surefire.real.class.path" value="/Users/yuseogi/Desktop/work/github/Today-I-Learned/SPRING/spring-certified-professional/lab/42-security-rest/target/surefire/surefirebooter10754673593608043556.jar"/>
    <property name="sun.management.compiler" value="HotSpot 64-Bit Tiered Compilers"/>
    <property name="ftp.nonProxyHosts" value="local|*.local|169.254/16|*.169.254/16"/>
    <property name="java.runtime.version" value="17.0.9+0"/>
    <property name="user.name" value="yuseogi"/>
    <property name="path.separator" value=":"/>
    <property name="os.version" value="14.2.1"/>
    <property name="java.runtime.name" value="OpenJDK Runtime Environment"/>
    <property name="file.encoding" value="UTF-8"/>
    <property name="java.vm.name" value="OpenJDK 64-Bit Server VM"/>
    <property name="java.vendor.version" value="Homebrew"/>
    <property name="localRepository" value="/Users/yuseogi/.m2/repository"/>
    <property name="java.vendor.url.bug" value="https://github.com/Homebrew/homebrew-core/issues"/>
    <property name="java.io.tmpdir" value="/var/folders/vc/c92ftwfs0s954061d_yn58hw0000gn/T/"/>
    <property name="java.version" value="17.0.9"/>
    <property name="user.dir" value="/Users/yuseogi/Desktop/work/github/Today-I-Learned/SPRING/spring-certified-professional/lab/42-security-rest"/>
    <property name="os.arch" value="aarch64"/>
    <property name="java.vm.specification.name" value="Java Virtual Machine Specification"/>
    <property name="native.encoding" value="UTF-8"/>
    <property name="java.library.path" value="/Users/yuseogi/Library/Java/Extensions:/Library/Java/Extensions:/Network/Library/Java/Extensions:/System/Library/Java/Extensions:/usr/lib/java:."/>
    <property name="java.vm.info" value="mixed mode, sharing"/>
    <property name="java.vendor" value="Homebrew"/>
    <property name="java.vm.version" value="17.0.9+0"/>
    <property name="sun.io.unicode.encoding" value="UnicodeBig"/>
    <property name="socksNonProxyHosts" value="local|*.local|169.254/16|*.169.254/16"/>
    <property name="java.class.version" value="61.0"/>
  </properties>
  <testcase name="createAccount_using_admin_should_return_201" classname="accounts.client.AccountClientTests" time="0">
    <skipped message="public void accounts.client.AccountClientTests.createAccount_using_admin_should_return_201() is @Disabled"/>
    <system-out><![CDATA[INFO : o.s.b.t.c.SpringBootTestContextBootstrapper - Neither @ContextConfiguration nor @ContextHierarchy found for test class [accounts.client.AccountClientTests], using SpringBootContextLoader
INFO : o.s.t.c.support.AbstractContextLoader - Could not detect default resource locations for test class [accounts.client.AccountClientTests]: no resource found for suffixes {-context.xml, Context.groovy}.
INFO : o.s.b.t.c.SpringBootTestContextBootstrapper - Loaded default TestExecutionListener class names from location [META-INF/spring.factories]: [org.springframework.security.test.context.support.WithSecurityContextTestExecutionListener, org.springframework.security.test.context.support.ReactorContextTestExecutionListener, org.springframework.test.context.web.ServletTestExecutionListener, org.springframework.test.context.support.DirtiesContextBeforeModesTestExecutionListener, org.springframework.test.context.event.ApplicationEventsTestExecutionListener, org.springframework.test.context.support.DependencyInjectionTestExecutionListener, org.springframework.test.context.support.DirtiesContextTestExecutionListener, org.springframework.test.context.transaction.TransactionalTestExecutionListener, org.springframework.test.context.jdbc.SqlScriptsTestExecutionListener, org.springframework.test.context.event.EventPublishingTestExecutionListener, org.springframework.boot.test.mock.mockito.MockitoTestExecutionListener, org.springframework.boot.test.mock.mockito.ResetMocksTestExecutionListener, org.springframework.boot.test.autoconfigure.restdocs.RestDocsTestExecutionListener, org.springframework.boot.test.autoconfigure.web.client.MockRestServiceServerResetTestExecutionListener, org.springframework.boot.test.autoconfigure.web.servlet.MockMvcPrintOnlyOnFailureTestExecutionListener, org.springframework.boot.test.autoconfigure.web.servlet.WebDriverTestExecutionListener, org.springframework.boot.test.autoconfigure.webservices.client.MockWebServiceServerTestExecutionListener]
INFO : o.s.b.t.c.SpringBootTestContextBootstrapper - Using TestExecutionListeners: [org.springframework.test.context.web.ServletTestExecutionListener@10b87ff6, org.springframework.test.context.support.DirtiesContextBeforeModesTestExecutionListener@63262071, org.springframework.test.context.event.ApplicationEventsTestExecutionListener@2d4f67e, org.springframework.boot.test.mock.mockito.MockitoTestExecutionListener@1282f784, org.springframework.boot.test.autoconfigure.SpringBootDependencyInjectionTestExecutionListener@41167ded, org.springframework.test.context.support.DirtiesContextTestExecutionListener@13e1e816, org.springframework.test.context.transaction.TransactionalTestExecutionListener@36238b12, org.springframework.test.context.jdbc.SqlScriptsTestExecutionListener@33187485, org.springframework.security.test.context.support.WithSecurityContextTestExecutionListener@41938e1e, org.springframework.test.context.event.EventPublishingTestExecutionListener@5d2e6f62, org.springframework.security.test.context.support.ReactorContextTestExecutionListener@77ff14ce, org.springframework.boot.test.mock.mockito.ResetMocksTestExecutionListener@733fae8, org.springframework.boot.test.autoconfigure.restdocs.RestDocsTestExecutionListener@5a8d676e, org.springframework.boot.test.autoconfigure.web.client.MockRestServiceServerResetTestExecutionListener@74764622, org.springframework.boot.test.autoconfigure.web.servlet.MockMvcPrintOnlyOnFailureTestExecutionListener@7ba06506, org.springframework.boot.test.autoconfigure.web.servlet.WebDriverTestExecutionListener@63dc3420, org.springframework.boot.test.autoconfigure.webservices.client.MockWebServiceServerTestExecutionListener@525b8922]
 ::                                                         ____
 /\    ____                 ____             _              \ \ \
|/\|  / ___|___  _ __ ___  / ___| _ __  _ __(_)_ __   __ _   \ \ \
     | |   / _ \| '__/ _ \ \___ \| '_ \| '__| | '_ \ / _` |   \ \ \
     | |__| (_) | | |  __/  ___) | |_) | |  | | | | | (_| |   / / /
      \____\___/|_|  \___| |____/| .__/|_|  |_|_| |_|\__, |  / / /
 ================================|_|==================|___/=/_/_/=
   :: Core Spring Training ::                  :: v5.3.23.RELEASE ::

INFO : accounts.client.AccountClientTests - Starting AccountClientTests using Java 17.0.9 on iyuseogs-MacBook-Pro.local with PID 20208 (started by yuseogi in /Users/yuseogi/Desktop/work/github/Today-I-Learned/SPRING/spring-certified-professional/lab/42-security-rest)
DEBUG: accounts.client.AccountClientTests - Running with Spring Boot v2.7.5, Spring v5.3.23
INFO : accounts.client.AccountClientTests - No active profile set, falling back to 1 default profile: "default"
INFO : o.s.b.w.embedded.tomcat.TomcatWebServer - Tomcat initialized with port(s): 0 (http)
INFO : o.apache.coyote.http11.Http11NioProtocol - Initializing ProtocolHandler ["http-nio-auto-1"]
INFO : org.apache.catalina.core.StandardService - Starting service [Tomcat]
INFO : org.apache.catalina.core.StandardEngine - Starting Servlet engine: [Apache Tomcat/9.0.68]
INFO : o.a.c.c.C.[Tomcat].[localhost].[/] - Initializing Spring embedded WebApplicationContext
INFO : o.s.b.w.s.c.ServletWebServerApplicationContext - Root WebApplicationContext: initialization completed in 297 ms
INFO : accounts.internal.JpaAccountManager - Created JPA account-manager
WARN : o.s.b.a.o.j.JpaBaseConfiguration$JpaWebConfiguration - spring.jpa.open-in-view is enabled by default. Therefore, database queries may be performed during view rendering. Explicitly configure spring.jpa.open-in-view to disable this warning
INFO : o.s.b.a.w.s.WelcomePageHandlerMapping - Adding welcome page: class path resource [static/index.html]
DEBUG: _.s.web.servlet.HandlerMapping.Mappings - 
	a.w.AccountController:
	{GET [/authorities]}: getAuthoritiesForUser(String)
	{GET [/accounts/{accountId}/beneficiaries/{beneficiaryName}]}: getBeneficiary(int,String)
	{POST [/accounts/{accountId}/beneficiaries]}: addBeneficiary(long,String)
	{DELETE [/accounts/{accountId}/beneficiaries/{beneficiaryName}]}: removeBeneficiary(long,String)
	{GET [/accounts]}: accountSummary()
	{GET [/accounts/{id}]}: accountDetails(int)
	{POST [/accounts]}: createAccount(Account)
DEBUG: _.s.web.servlet.HandlerMapping.Mappings - 
	o.s.b.a.w.s.e.BasicErrorController:
	{ [/error]}: error(HttpServletRequest)
	{ [/error], produces [text/html]}: errorHtml(HttpServletRequest,HttpServletResponse)
DEBUG: _.s.web.servlet.HandlerMapping.Mappings - 'beanNameHandlerMapping' {}
DEBUG: _.s.web.servlet.HandlerMapping.Mappings - 'resourceHandlerMapping' {/webjars/**=ResourceHttpRequestHandler [classpath [META-INF/resources/webjars/]], /**=ResourceHttpRequestHandler [classpath [META-INF/resources/], classpath [resources/], classpath [static/], classpath [public/], ServletContext [/]]}
WARN : o.s.b.a.s.s.UserDetailsServiceAutoConfiguration - 

Using generated security password: 03a99a1c-d2a7-466e-9f15-1064dab6d698

This generated password is for development use only. Your security configuration must be updated before running your application in production.

INFO : o.s.s.web.DefaultSecurityFilterChain - Will secure any request with [org.springframework.security.web.session.DisableEncodeUrlFilter@72e4ffa2, org.springframework.security.web.context.request.async.WebAsyncManagerIntegrationFilter@34dda1b4, org.springframework.security.web.context.SecurityContextPersistenceFilter@c0cb9c2, org.springframework.security.web.header.HeaderWriterFilter@23a78d2e, org.springframework.security.web.csrf.CsrfFilter@280f061e, org.springframework.security.web.authentication.logout.LogoutFilter@64710a6, org.springframework.security.web.authentication.UsernamePasswordAuthenticationFilter@7f33ad20, org.springframework.security.web.authentication.ui.DefaultLoginPageGeneratingFilter@23c61c1b, org.springframework.security.web.authentication.ui.DefaultLogoutPageGeneratingFilter@193d73d3, org.springframework.security.web.authentication.www.BasicAuthenticationFilter@397f9672, org.springframework.security.web.savedrequest.RequestCacheAwareFilter@eb66b47, org.springframework.security.web.servletapi.SecurityContextHolderAwareRequestFilter@11e75942, org.springframework.security.web.authentication.AnonymousAuthenticationFilter@5cb4ba80, org.springframework.security.web.session.SessionManagementFilter@20724c21, org.springframework.security.web.access.ExceptionTranslationFilter@1a23136f, org.springframework.security.web.access.intercept.FilterSecurityInterceptor@55e02661]
INFO : o.apache.coyote.http11.Http11NioProtocol - Starting ProtocolHandler ["http-nio-auto-1"]
INFO : o.s.b.w.embedded.tomcat.TomcatWebServer - Tomcat started on port(s): 53364 (http) with context path ''
INFO : accounts.client.AccountClientTests - Started AccountClientTests in 1.032 seconds (JVM running for 3.16)
]]></system-out>
  </testcase>
  <testcase name="listAccounts_using_invalid_user_should_return_401" classname="accounts.client.AccountClientTests" time="0">
    <skipped message="public void accounts.client.AccountClientTests.listAccounts_using_invalid_user_should_return_401() throws java.lang.Exception is @Disabled"/>
  </testcase>
  <testcase name="createAccount_using_user_should_return_403" classname="accounts.client.AccountClientTests" time="0.002"/>
  <testcase name="listAccounts_using_valid_user_should_succeed" classname="accounts.client.AccountClientTests" time="0">
    <skipped message="public void accounts.client.AccountClientTests.listAccounts_using_valid_user_should_succeed() is @Disabled"/>
  </testcase>
  <testcase name="getAccount_using_valid_user_should_succeed" classname="accounts.client.AccountClientTests" time="0">
    <skipped message="public void accounts.client.AccountClientTests.getAccount_using_valid_user_should_succeed() is @Disabled"/>
  </testcase>
  <testcase name="listAccounts_using_valid_admin_should_succeed" classname="accounts.client.AccountClientTests" time="0">
    <skipped message="public void accounts.client.AccountClientTests.listAccounts_using_valid_admin_should_succeed() is @Disabled"/>
  </testcase>
  <testcase name="addAndDeleteBeneficiary_using_superadmin_should_succeed" classname="accounts.client.AccountClientTests" time="0">
    <skipped message="public void accounts.client.AccountClientTests.addAndDeleteBeneficiary_using_superadmin_should_succeed() is @Disabled"/>
  </testcase>
</testsuite>