<?xml version="1.0" encoding="UTF-8"?>
<testsuite xmlns:xsi="http://www.w3.org/2001/XMLSchema-instance" xsi:noNamespaceSchemaLocation="https://maven.apache.org/surefire/maven-surefire-plugin/xsd/surefire-test-report.xsd" name="accounts.web.AccountControllerTests" time="0.294" tests="15" errors="0" skipped="14" failures="0">
  <properties>
    <property name="java.specification.version" value="17"/>
    <property name="sun.jnu.encoding" value="UTF-8"/>
    <property name="java.class.path" value="/Users/yuseogi/Desktop/work/github/Today-I-Learned/SPRING/spring-certified-professional/lab/42-security-rest/target/test-classes:/Users/yuseogi/Desktop/work/github/Today-I-Learned/SPRING/spring-certified-professional/lab/42-security-rest/target/classes:/Users/yuseogi/.m2/repository/org/springframework/boot/spring-boot-starter-web/2.7.5/spring-boot-starter-web-2.7.5.jar:/Users/yuseogi/.m2/repository/org/springframework/boot/spring-boot-starter-json/2.7.5/spring-boot-starter-json-2.7.5.jar:/Users/yuseogi/.m2/repository/com/fasterxml/jackson/core/jackson-databind/2.13.4.2/jackson-databind-2.13.4.2.jar:/Users/yuseogi/.m2/repository/com/fasterxml/jackson/core/jackson-core/2.13.4/jackson-core-2.13.4.jar:/Users/yuseogi/.m2/repository/com/fasterxml/jackson/datatype/jackson-datatype-jdk8/2.13.4/jackson-datatype-jdk8-2.13.4.jar:/Users/yuseogi/.m2/repository/com/fasterxml/jackson/datatype/jackson-datatype-jsr310/2.13.4/jackson-datatype-jsr310-2.13.4.jar:/Users/yuseogi/.m2/repository/com/fasterxml/jackson/module/jackson-module-parameter-names/2.13.4/jackson-module-parameter-names-2.13.4.jar:/Users/yuseogi/.m2/repository/org/springframework/boot/spring-boot-starter-tomcat/2.7.5/spring-boot-starter-tomcat-2.7.5.jar:/Users/yuseogi/.m2/repository/org/apache/tomcat/embed/tomcat-embed-core/9.0.68/tomcat-embed-core-9.0.68.jar:/Users/yuseogi/.m2/repository/org/apache/tomcat/embed/tomcat-embed-el/9.0.68/tomcat-embed-el-9.0.68.jar:/Users/yuseogi/.m2/repository/org/apache/tomcat/embed/tomcat-embed-websocket/9.0.68/tomcat-embed-websocket-9.0.68.jar:/Users/yuseogi/.m2/repository/org/springframework/spring-web/5.3.23/spring-web-5.3.23.jar:/Users/yuseogi/.m2/repository/org/springframework/spring-webmvc/5.3.23/spring-webmvc-5.3.23.jar:/Users/yuseogi/.m2/repository/org/springframework/spring-context/5.3.23/spring-context-5.3.23.jar:/Users/yuseogi/.m2/repository/org/springframework/spring-expression/5.3.23/spring-expression-5.3.23.jar:/Users/yuseogi/.m2/repository/org/springframework/boot/spring-boot-starter-security/2.7.5/spring-boot-starter-security-2.7.5.jar:/Users/yuseogi/.m2/repository/org/springframework/spring-aop/5.3.23/spring-aop-5.3.23.jar:/Users/yuseogi/.m2/repository/org/springframework/security/spring-security-config/5.8.0/spring-security-config-5.8.0.jar:/Users/yuseogi/.m2/repository/org/springframework/security/spring-security-web/5.8.0/spring-security-web-5.8.0.jar:/Users/yuseogi/.m2/repository/org/springframework/security/spring-security-test/5.8.0/spring-security-test-5.8.0.jar:/Users/yuseogi/.m2/repository/org/springframework/security/spring-security-core/5.8.0/spring-security-core-5.8.0.jar:/Users/yuseogi/.m2/repository/org/springframework/security/spring-security-crypto/5.8.0/spring-security-crypto-5.8.0.jar:/Users/yuseogi/.m2/repository/org/springframework/spring-core/5.3.23/spring-core-5.3.23.jar:/Users/yuseogi/.m2/repository/org/springframework/spring-jcl/5.3.23/spring-jcl-5.3.23.jar:/Users/yuseogi/.m2/repository/org/springframework/spring-test/5.3.23/spring-test-5.3.23.jar:/Users/yuseogi/.m2/repository/org/springframework/boot/spring-boot-devtools/2.7.5/spring-boot-devtools-2.7.5.jar:/Users/yuseogi/.m2/repository/org/springframework/boot/spring-boot/2.7.5/spring-boot-2.7.5.jar:/Users/yuseogi/.m2/repository/org/springframework/boot/spring-boot-autoconfigure/2.7.5/spring-boot-autoconfigure-2.7.5.jar:/Users/yuseogi/Desktop/work/github/Today-I-Learned/SPRING/spring-certified-professional/lab/00-rewards-common/target/00-rewards-common-5.3.23.jar:/Users/yuseogi/.m2/repository/org/hibernate/hibernate-entitymanager/5.6.12.Final/hibernate-entitymanager-5.6.12.Final.jar:/Users/yuseogi/.m2/repository/org/jboss/logging/jboss-logging/3.4.3.Final/jboss-logging-3.4.3.Final.jar:/Users/yuseogi/.m2/repository/org/hibernate/hibernate-core/5.6.12.Final/hibernate-core-5.6.12.Final.jar:/Users/yuseogi/.m2/repository/antlr/antlr/2.7.7/antlr-2.7.7.jar:/Users/yuseogi/.m2/repository/org/jboss/jandex/2.4.2.Final/jandex-2.4.2.Final.jar:/Users/yuseogi/.m2/repository/com/fasterxml/classmate/1.5.1/classmate-1.5.1.jar:/Users/yuseogi/.m2/repository/javax/activation/javax.activation-api/1.2.0/javax.activation-api-1.2.0.jar:/Users/yuseogi/.m2/repository/javax/xml/bind/jaxb-api/2.3.1/jaxb-api-2.3.1.jar:/Users/yuseogi/.m2/repository/org/glassfish/jaxb/jaxb-runtime/2.3.7/jaxb-runtime-2.3.7.jar:/Users/yuseogi/.m2/repository/org/glassfish/jaxb/txw2/2.3.7/txw2-2.3.7.jar:/Users/yuseogi/.m2/repository/com/sun/istack/istack-commons-runtime/3.0.12/istack-commons-runtime-3.0.12.jar:/Users/yuseogi/.m2/repository/com/sun/activation/jakarta.activation/1.2.2/jakarta.activation-1.2.2.jar:/Users/yuseogi/.m2/repository/org/hibernate/common/hibernate-commons-annotations/5.1.2.Final/hibernate-commons-annotations-5.1.2.Final.jar:/Users/yuseogi/.m2/repository/javax/persistence/javax.persistence-api/2.2/javax.persistence-api-2.2.jar:/Users/yuseogi/.m2/repository/net/bytebuddy/byte-buddy/1.12.18/byte-buddy-1.12.18.jar:/Users/yuseogi/.m2/repository/org/jboss/spec/javax/transaction/jboss-transaction-api_1.2_spec/1.1.1.Final/jboss-transaction-api_1.2_spec-1.1.1.Final.jar:/Users/yuseogi/.m2/repository/com/fasterxml/jackson/core/jackson-annotations/2.13.4/jackson-annotations-2.13.4.jar:/Users/yuseogi/Desktop/work/github/Today-I-Learned/SPRING/spring-certified-professional/lab/01-rewards-db/target/01-rewards-db-5.3.23.jar:/Users/yuseogi/.m2/repository/org/springframework/spring-orm/5.3.23/spring-orm-5.3.23.jar:/Users/yuseogi/.m2/repository/org/springframework/boot/spring-boot-starter/2.7.5/spring-boot-starter-2.7.5.jar:/Users/yuseogi/.m2/repository/org/springframework/boot/spring-boot-starter-logging/2.7.5/spring-boot-starter-logging-2.7.5.jar:/Users/yuseogi/.m2/repository/ch/qos/logback/logback-classic/1.2.11/logback-classic-1.2.11.jar:/Users/yuseogi/.m2/repository/ch/qos/logback/logback-core/1.2.11/logback-core-1.2.11.jar:/Users/yuseogi/.m2/repository/org/apache/logging/log4j/log4j-to-slf4j/2.17.2/log4j-to-slf4j-2.17.2.jar:/Users/yuseogi/.m2/repository/org/apache/logging/log4j/log4j-api/2.17.2/log4j-api-2.17.2.jar:/Users/yuseogi/.m2/repository/org/slf4j/jul-to-slf4j/1.7.36/jul-to-slf4j-1.7.36.jar:/Users/yuseogi/.m2/repository/jakarta/annotation/jakarta.annotation-api/1.3.5/jakarta.annotation-api-1.3.5.jar:/Users/yuseogi/.m2/repository/org/yaml/snakeyaml/1.30/snakeyaml-1.30.jar:/Users/yuseogi/.m2/repository/org/springframework/boot/spring-boot-starter-test/2.7.5/spring-boot-starter-test-2.7.5.jar:/Users/yuseogi/.m2/repository/org/springframework/boot/spring-boot-test/2.7.5/spring-boot-test-2.7.5.jar:/Users/yuseogi/.m2/repository/org/springframework/boot/spring-boot-test-autoconfigure/2.7.5/spring-boot-test-autoconfigure-2.7.5.jar:/Users/yuseogi/.m2/repository/com/jayway/jsonpath/json-path/2.7.0/json-path-2.7.0.jar:/Users/yuseogi/.m2/repository/net/minidev/json-smart/2.4.8/json-smart-2.4.8.jar:/Users/yuseogi/.m2/repository/net/minidev/accessors-smart/2.4.8/accessors-smart-2.4.8.jar:/Users/yuseogi/.m2/repository/org/ow2/asm/asm/9.1/asm-9.1.jar:/Users/yuseogi/.m2/repository/org/slf4j/slf4j-api/1.7.36/slf4j-api-1.7.36.jar:/Users/yuseogi/.m2/repository/jakarta/xml/bind/jakarta.xml.bind-api/2.3.3/jakarta.xml.bind-api-2.3.3.jar:/Users/yuseogi/.m2/repository/jakarta/activation/jakarta.activation-api/1.2.2/jakarta.activation-api-1.2.2.jar:/Users/yuseogi/.m2/repository/org/assertj/assertj-core/3.22.0/assertj-core-3.22.0.jar:/Users/yuseogi/.m2/repository/org/hamcrest/hamcrest/2.2/hamcrest-2.2.jar:/Users/yuseogi/.m2/repository/org/junit/jupiter/junit-jupiter/5.8.2/junit-jupiter-5.8.2.jar:/Users/yuseogi/.m2/repository/org/junit/jupiter/junit-jupiter-api/5.8.2/junit-jupiter-api-5.8.2.jar:/Users/yuseogi/.m2/repository/org/opentest4j/opentest4j/1.2.0/opentest4j-1.2.0.jar:/Users/yuseogi/.m2/repository/org/junit/platform/junit-platform-commons/1.8.2/junit-platform-commons-1.8.2.jar:/Users/yuseogi/.m2/repository/org/apiguardian/apiguardian-api/1.1.2/apiguardian-api-1.1.2.jar:/Users/yuseogi/.m2/repository/org/junit/jupiter/junit-jupiter-params/5.8.2/junit-jupiter-params-5.8.2.jar:/Users/yuseogi/.m2/repository/org/junit/jupiter/junit-jupiter-engine/5.8.2/junit-jupiter-engine-5.8.2.jar:/Users/yuseogi/.m2/repository/org/junit/platform/junit-platform-engine/1.8.2/junit-platform-engine-1.8.2.jar:/Users/yuseogi/.m2/repository/org/mockito/mockito-core/4.5.1/mockito-core-4.5.1.jar:/Users/yuseogi/.m2/repository/net/bytebuddy/byte-buddy-agent/1.12.18/byte-buddy-agent-1.12.18.jar:/Users/yuseogi/.m2/repository/org/objenesis/objenesis/3.2/objenesis-3.2.jar:/Users/yuseogi/.m2/repository/org/mockito/mockito-junit-jupiter/4.5.1/mockito-junit-jupiter-4.5.1.jar:/Users/yuseogi/.m2/repository/org/skyscreamer/jsonassert/1.5.1/jsonassert-1.5.1.jar:/Users/yuseogi/.m2/repository/com/vaadin/external/google/android-json/0.0.20131108.vaadin1/android-json-0.0.20131108.vaadin1.jar:/Users/yuseogi/.m2/repository/org/xmlunit/xmlunit-core/2.9.0/xmlunit-core-2.9.0.jar:/Users/yuseogi/.m2/repository/org/springframework/spring-jdbc/5.3.23/spring-jdbc-5.3.23.jar:/Users/yuseogi/.m2/repository/org/springframework/spring-beans/5.3.23/spring-beans-5.3.23.jar:/Users/yuseogi/.m2/repository/org/springframework/spring-tx/5.3.23/spring-tx-5.3.23.jar:/Users/yuseogi/.m2/repository/org/hsqldb/hsqldb/2.5.2/hsqldb-2.5.2.jar:"/>
    <property name="java.vm.vendor" value="Homebrew"/>
    <property name="sun.arch.data.model" value="64"/>
    <property name="java.vendor.url" value="https://github.com/Homebrew/homebrew-core/issues"/>
    <property name="os.name" value="Mac OS X"/>
    <property name="java.vm.specification.version" value="17"/>
    <property name="sun.java.launcher" value="SUN_STANDARD"/>
    <property name="user.country" value="KR"/>
    <property name="sun.boot.library.path" value="/opt/homebrew/Cellar/openjdk@17/17.0.9/libexec/openjdk.jdk/Contents/Home/lib"/>
    <property name="sun.java.command" value="/Users/yuseogi/Desktop/work/github/Today-I-Learned/SPRING/spring-certified-professional/lab/42-security-rest/target/surefire/surefirebooter10754673593608043556.jar /Users/yuseogi/Desktop/work/github/Today-I-Learned/SPRING/spring-certified-professional/lab/42-security-rest/target/surefire 2024-01-13T07-19-47_766-jvmRun1 surefire8753514446058513170tmp surefire_271991301393393199213tmp"/>
    <property name="http.nonProxyHosts" value="local|*.local|169.254/16|*.169.254/16"/>
    <property name="jdk.debug" value="release"/>
    <property name="surefire.test.class.path" value="/Users/yuseogi/Desktop/work/github/Today-I-Learned/SPRING/spring-certified-professional/lab/42-security-rest/target/test-classes:/Users/yuseogi/Desktop/work/github/Today-I-Learned/SPRING/spring-certified-professional/lab/42-security-rest/target/classes:/Users/yuseogi/.m2/repository/org/springframework/boot/spring-boot-starter-web/2.7.5/spring-boot-starter-web-2.7.5.jar:/Users/yuseogi/.m2/repository/org/springframework/boot/spring-boot-starter-json/2.7.5/spring-boot-starter-json-2.7.5.jar:/Users/yuseogi/.m2/repository/com/fasterxml/jackson/core/jackson-databind/2.13.4.2/jackson-databind-2.13.4.2.jar:/Users/yuseogi/.m2/repository/com/fasterxml/jackson/core/jackson-core/2.13.4/jackson-core-2.13.4.jar:/Users/yuseogi/.m2/repository/com/fasterxml/jackson/datatype/jackson-datatype-jdk8/2.13.4/jackson-datatype-jdk8-2.13.4.jar:/Users/yuseogi/.m2/repository/com/fasterxml/jackson/datatype/jackson-datatype-jsr310/2.13.4/jackson-datatype-jsr310-2.13.4.jar:/Users/yuseogi/.m2/repository/com/fasterxml/jackson/module/jackson-module-parameter-names/2.13.4/jackson-module-parameter-names-2.13.4.jar:/Users/yuseogi/.m2/repository/org/springframework/boot/spring-boot-starter-tomcat/2.7.5/spring-boot-starter-tomcat-2.7.5.jar:/Users/yuseogi/.m2/repository/org/apache/tomcat/embed/tomcat-embed-core/9.0.68/tomcat-embed-core-9.0.68.jar:/Users/yuseogi/.m2/repository/org/apache/tomcat/embed/tomcat-embed-el/9.0.68/tomcat-embed-el-9.0.68.jar:/Users/yuseogi/.m2/repository/org/apache/tomcat/embed/tomcat-embed-websocket/9.0.68/tomcat-embed-websocket-9.0.68.jar:/Users/yuseogi/.m2/repository/org/springframework/spring-web/5.3.23/spring-web-5.3.23.jar:/Users/yuseogi/.m2/repository/org/springframework/spring-webmvc/5.3.23/spring-webmvc-5.3.23.jar:/Users/yuseogi/.m2/repository/org/springframework/spring-context/5.3.23/spring-context-5.3.23.jar:/Users/yuseogi/.m2/repository/org/springframework/spring-expression/5.3.23/spring-expression-5.3.23.jar:/Users/yuseogi/.m2/repository/org/springframework/boot/spring-boot-starter-security/2.7.5/spring-boot-starter-security-2.7.5.jar:/Users/yuseogi/.m2/repository/org/springframework/spring-aop/5.3.23/spring-aop-5.3.23.jar:/Users/yuseogi/.m2/repository/org/springframework/security/spring-security-config/5.8.0/spring-security-config-5.8.0.jar:/Users/yuseogi/.m2/repository/org/springframework/security/spring-security-web/5.8.0/spring-security-web-5.8.0.jar:/Users/yuseogi/.m2/repository/org/springframework/security/spring-security-test/5.8.0/spring-security-test-5.8.0.jar:/Users/yuseogi/.m2/repository/org/springframework/security/spring-security-core/5.8.0/spring-security-core-5.8.0.jar:/Users/yuseogi/.m2/repository/org/springframework/security/spring-security-crypto/5.8.0/spring-security-crypto-5.8.0.jar:/Users/yuseogi/.m2/repository/org/springframework/spring-core/5.3.23/spring-core-5.3.23.jar:/Users/yuseogi/.m2/repository/org/springframework/spring-jcl/5.3.23/spring-jcl-5.3.23.jar:/Users/yuseogi/.m2/repository/org/springframework/spring-test/5.3.23/spring-test-5.3.23.jar:/Users/yuseogi/.m2/repository/org/springframework/boot/spring-boot-devtools/2.7.5/spring-boot-devtools-2.7.5.jar:/Users/yuseogi/.m2/repository/org/springframework/boot/spring-boot/2.7.5/spring-boot-2.7.5.jar:/Users/yuseogi/.m2/repository/org/springframework/boot/spring-boot-autoconfigure/2.7.5/spring-boot-autoconfigure-2.7.5.jar:/Users/yuseogi/Desktop/work/github/Today-I-Learned/SPRING/spring-certified-professional/lab/00-rewards-common/target/00-rewards-common-5.3.23.jar:/Users/yuseogi/.m2/repository/org/hibernate/hibernate-entitymanager/5.6.12.Final/hibernate-entitymanager-5.6.12.Final.jar:/Users/yuseogi/.m2/repository/org/jboss/logging/jboss-logging/3.4.3.Final/jboss-logging-3.4.3.Final.jar:/Users/yuseogi/.m2/repository/org/hibernate/hibernate-core/5.6.12.Final/hibernate-core-5.6.12.Final.jar:/Users/yuseogi/.m2/repository/antlr/antlr/2.7.7/antlr-2.7.7.jar:/Users/yuseogi/.m2/repository/org/jboss/jandex/2.4.2.Final/jandex-2.4.2.Final.jar:/Users/yuseogi/.m2/repository/com/fasterxml/classmate/1.5.1/classmate-1.5.1.jar:/Users/yuseogi/.m2/repository/javax/activation/javax.activation-api/1.2.0/javax.activation-api-1.2.0.jar:/Users/yuseogi/.m2/repository/javax/xml/bind/jaxb-api/2.3.1/jaxb-api-2.3.1.jar:/Users/yuseogi/.m2/repository/org/glassfish/jaxb/jaxb-runtime/2.3.7/jaxb-runtime-2.3.7.jar:/Users/yuseogi/.m2/repository/org/glassfish/jaxb/txw2/2.3.7/txw2-2.3.7.jar:/Users/yuseogi/.m2/repository/com/sun/istack/istack-commons-runtime/3.0.12/istack-commons-runtime-3.0.12.jar:/Users/yuseogi/.m2/repository/com/sun/activation/jakarta.activation/1.2.2/jakarta.activation-1.2.2.jar:/Users/yuseogi/.m2/repository/org/hibernate/common/hibernate-commons-annotations/5.1.2.Final/hibernate-commons-annotations-5.1.2.Final.jar:/Users/yuseogi/.m2/repository/javax/persistence/javax.persistence-api/2.2/javax.persistence-api-2.2.jar:/Users/yuseogi/.m2/repository/net/bytebuddy/byte-buddy/1.12.18/byte-buddy-1.12.18.jar:/Users/yuseogi/.m2/repository/org/jboss/spec/javax/transaction/jboss-transaction-api_1.2_spec/1.1.1.Final/jboss-transaction-api_1.2_spec-1.1.1.Final.jar:/Users/yuseogi/.m2/repository/com/fasterxml/jackson/core/jackson-annotations/2.13.4/jackson-annotations-2.13.4.jar:/Users/yuseogi/Desktop/work/github/Today-I-Learned/SPRING/spring-certified-professional/lab/01-rewards-db/target/01-rewards-db-5.3.23.jar:/Users/yuseogi/.m2/repository/org/springframework/spring-orm/5.3.23/spring-orm-5.3.23.jar:/Users/yuseogi/.m2/repository/org/springframework/boot/spring-boot-starter/2.7.5/spring-boot-starter-2.7.5.jar:/Users/yuseogi/.m2/repository/org/springframework/boot/spring-boot-starter-logging/2.7.5/spring-boot-starter-logging-2.7.5.jar:/Users/yuseogi/.m2/repository/ch/qos/logback/logback-classic/1.2.11/logback-classic-1.2.11.jar:/Users/yuseogi/.m2/repository/ch/qos/logback/logback-core/1.2.11/logback-core-1.2.11.jar:/Users/yuseogi/.m2/repository/org/apache/logging/log4j/log4j-to-slf4j/2.17.2/log4j-to-slf4j-2.17.2.jar:/Users/yuseogi/.m2/repository/org/apache/logging/log4j/log4j-api/2.17.2/log4j-api-2.17.2.jar:/Users/yuseogi/.m2/repository/org/slf4j/jul-to-slf4j/1.7.36/jul-to-slf4j-1.7.36.jar:/Users/yuseogi/.m2/repository/jakarta/annotation/jakarta.annotation-api/1.3.5/jakarta.annotation-api-1.3.5.jar:/Users/yuseogi/.m2/repository/org/yaml/snakeyaml/1.30/snakeyaml-1.30.jar:/Users/yuseogi/.m2/repository/org/springframework/boot/spring-boot-starter-test/2.7.5/spring-boot-starter-test-2.7.5.jar:/Users/yuseogi/.m2/repository/org/springframework/boot/spring-boot-test/2.7.5/spring-boot-test-2.7.5.jar:/Users/yuseogi/.m2/repository/org/springframework/boot/spring-boot-test-autoconfigure/2.7.5/spring-boot-test-autoconfigure-2.7.5.jar:/Users/yuseogi/.m2/repository/com/jayway/jsonpath/json-path/2.7.0/json-path-2.7.0.jar:/Users/yuseogi/.m2/repository/net/minidev/json-smart/2.4.8/json-smart-2.4.8.jar:/Users/yuseogi/.m2/repository/net/minidev/accessors-smart/2.4.8/accessors-smart-2.4.8.jar:/Users/yuseogi/.m2/repository/org/ow2/asm/asm/9.1/asm-9.1.jar:/Users/yuseogi/.m2/repository/org/slf4j/slf4j-api/1.7.36/slf4j-api-1.7.36.jar:/Users/yuseogi/.m2/repository/jakarta/xml/bind/jakarta.xml.bind-api/2.3.3/jakarta.xml.bind-api-2.3.3.jar:/Users/yuseogi/.m2/repository/jakarta/activation/jakarta.activation-api/1.2.2/jakarta.activation-api-1.2.2.jar:/Users/yuseogi/.m2/repository/org/assertj/assertj-core/3.22.0/assertj-core-3.22.0.jar:/Users/yuseogi/.m2/repository/org/hamcrest/hamcrest/2.2/hamcrest-2.2.jar:/Users/yuseogi/.m2/repository/org/junit/jupiter/junit-jupiter/5.8.2/junit-jupiter-5.8.2.jar:/Users/yuseogi/.m2/repository/org/junit/jupiter/junit-jupiter-api/5.8.2/junit-jupiter-api-5.8.2.jar:/Users/yuseogi/.m2/repository/org/opentest4j/opentest4j/1.2.0/opentest4j-1.2.0.jar:/Users/yuseogi/.m2/repository/org/junit/platform/junit-platform-commons/1.8.2/junit-platform-commons-1.8.2.jar:/Users/yuseogi/.m2/repository/org/apiguardian/apiguardian-api/1.1.2/apiguardian-api-1.1.2.jar:/Users/yuseogi/.m2/repository/org/junit/jupiter/junit-jupiter-params/5.8.2/junit-jupiter-params-5.8.2.jar:/Users/yuseogi/.m2/repository/org/junit/jupiter/junit-jupiter-engine/5.8.2/junit-jupiter-engine-5.8.2.jar:/Users/yuseogi/.m2/repository/org/junit/platform/junit-platform-engine/1.8.2/junit-platform-engine-1.8.2.jar:/Users/yuseogi/.m2/repository/org/mockito/mockito-core/4.5.1/mockito-core-4.5.1.jar:/Users/yuseogi/.m2/repository/net/bytebuddy/byte-buddy-agent/1.12.18/byte-buddy-agent-1.12.18.jar:/Users/yuseogi/.m2/repository/org/objenesis/objenesis/3.2/objenesis-3.2.jar:/Users/yuseogi/.m2/repository/org/mockito/mockito-junit-jupiter/4.5.1/mockito-junit-jupiter-4.5.1.jar:/Users/yuseogi/.m2/repository/org/skyscreamer/jsonassert/1.5.1/jsonassert-1.5.1.jar:/Users/yuseogi/.m2/repository/com/vaadin/external/google/android-json/0.0.20131108.vaadin1/android-json-0.0.20131108.vaadin1.jar:/Users/yuseogi/.m2/repository/org/xmlunit/xmlunit-core/2.9.0/xmlunit-core-2.9.0.jar:/Users/yuseogi/.m2/repository/org/springframework/spring-jdbc/5.3.23/spring-jdbc-5.3.23.jar:/Users/yuseogi/.m2/repository/org/springframework/spring-beans/5.3.23/spring-beans-5.3.23.jar:/Users/yuseogi/.m2/repository/org/springframework/spring-tx/5.3.23/spring-tx-5.3.23.jar:/Users/yuseogi/.m2/repository/org/hsqldb/hsqldb/2.5.2/hsqldb-2.5.2.jar:"/>
    <property name="sun.cpu.endian" value="little"/>
    <property name="user.home" value="/Users/yuseogi"/>
    <property name="user.language" value="ko"/>
    <property name="java.specification.vendor" value="Oracle Corporation"/>
    <property name="java.version.date" value="2023-10-17"/>
    <property name="java.home" value="/opt/homebrew/Cellar/openjdk@17/17.0.9/libexec/openjdk.jdk/Contents/Home"/>
    <property name="file.separator" value="/"/>
    <property name="basedir" value="/Users/yuseogi/Desktop/work/github/Today-I-Learned/SPRING/spring-certified-professional/lab/42-security-rest"/>
    <property name="java.vm.compressedOopsMode" value="Zero based"/>
    <property name="line.separator" value="&#10;"/>
    <property name="java.specification.name" value="Java Platform API Specification"/>
    <property name="java.vm.specification.vendor" value="Oracle Corporation"/>
    <property name="surefire.real.class.path" value="/Users/yuseogi/Desktop/work/github/Today-I-Learned/SPRING/spring-certified-professional/lab/42-security-rest/target/surefire/surefirebooter10754673593608043556.jar"/>
    <property name="sun.management.compiler" value="HotSpot 64-Bit Tiered Compilers"/>
    <property name="ftp.nonProxyHosts" value="local|*.local|169.254/16|*.169.254/16"/>
    <property name="java.runtime.version" value="17.0.9+0"/>
    <property name="user.name" value="yuseogi"/>
    <property name="path.separator" value=":"/>
    <property name="os.version" value="14.2.1"/>
    <property name="java.runtime.name" value="OpenJDK Runtime Environment"/>
    <property name="file.encoding" value="UTF-8"/>
    <property name="java.vm.name" value="OpenJDK 64-Bit Server VM"/>
    <property name="java.vendor.version" value="Homebrew"/>
    <property name="localRepository" value="/Users/yuseogi/.m2/repository"/>
    <property name="java.vendor.url.bug" value="https://github.com/Homebrew/homebrew-core/issues"/>
    <property name="java.io.tmpdir" value="/var/folders/vc/c92ftwfs0s954061d_yn58hw0000gn/T/"/>
    <property name="java.version" value="17.0.9"/>
    <property name="user.dir" value="/Users/yuseogi/Desktop/work/github/Today-I-Learned/SPRING/spring-certified-professional/lab/42-security-rest"/>
    <property name="os.arch" value="aarch64"/>
    <property name="java.vm.specification.name" value="Java Virtual Machine Specification"/>
    <property name="native.encoding" value="UTF-8"/>
    <property name="java.library.path" value="/Users/yuseogi/Library/Java/Extensions:/Library/Java/Extensions:/Network/Library/Java/Extensions:/System/Library/Java/Extensions:/usr/lib/java:."/>
    <property name="java.vm.info" value="mixed mode, sharing"/>
    <property name="java.vendor" value="Homebrew"/>
    <property name="java.vm.version" value="17.0.9+0"/>
    <property name="sun.io.unicode.encoding" value="UnicodeBig"/>
    <property name="socksNonProxyHosts" value="local|*.local|169.254/16|*.169.254/16"/>
    <property name="java.class.version" value="61.0"/>
  </properties>
  <testcase name="getBeneficiary_with_SUPERADMIN_role_should_return_200" classname="accounts.web.AccountControllerTests" time="0">
    <skipped message="public void accounts.web.AccountControllerTests.getBeneficiary_with_SUPERADMIN_role_should_return_200() throws java.lang.Exception is @Disabled"/>
    <system-out><![CDATA[INFO : o.s.t.c.support.AbstractContextLoader - Could not detect default resource locations for test class [accounts.web.AccountControllerTests]: no resource found for suffixes {-context.xml, Context.groovy}.
INFO : o.s.b.t.a.w.s.WebMvcTestContextBootstrapper - Loaded default TestExecutionListener class names from location [META-INF/spring.factories]: [org.springframework.security.test.context.support.WithSecurityContextTestExecutionListener, org.springframework.security.test.context.support.ReactorContextTestExecutionListener, org.springframework.test.context.web.ServletTestExecutionListener, org.springframework.test.context.support.DirtiesContextBeforeModesTestExecutionListener, org.springframework.test.context.event.ApplicationEventsTestExecutionListener, org.springframework.test.context.support.DependencyInjectionTestExecutionListener, org.springframework.test.context.support.DirtiesContextTestExecutionListener, org.springframework.test.context.transaction.TransactionalTestExecutionListener, org.springframework.test.context.jdbc.SqlScriptsTestExecutionListener, org.springframework.test.context.event.EventPublishingTestExecutionListener, org.springframework.boot.test.mock.mockito.MockitoTestExecutionListener, org.springframework.boot.test.mock.mockito.ResetMocksTestExecutionListener, org.springframework.boot.test.autoconfigure.restdocs.RestDocsTestExecutionListener, org.springframework.boot.test.autoconfigure.web.client.MockRestServiceServerResetTestExecutionListener, org.springframework.boot.test.autoconfigure.web.servlet.MockMvcPrintOnlyOnFailureTestExecutionListener, org.springframework.boot.test.autoconfigure.web.servlet.WebDriverTestExecutionListener, org.springframework.boot.test.autoconfigure.webservices.client.MockWebServiceServerTestExecutionListener]
INFO : o.s.b.t.a.w.s.WebMvcTestContextBootstrapper - Using TestExecutionListeners: [org.springframework.test.context.web.ServletTestExecutionListener@1570cad0, org.springframework.test.context.support.DirtiesContextBeforeModesTestExecutionListener@21090c88, org.springframework.test.context.event.ApplicationEventsTestExecutionListener@d62472f, org.springframework.boot.test.mock.mockito.MockitoTestExecutionListener@63a84bb6, org.springframework.boot.test.autoconfigure.SpringBootDependencyInjectionTestExecutionListener@701d2b59, org.springframework.test.context.support.DirtiesContextTestExecutionListener@1999149e, org.springframework.test.context.transaction.TransactionalTestExecutionListener@65d73bd, org.springframework.test.context.jdbc.SqlScriptsTestExecutionListener@27896d3b, org.springframework.security.test.context.support.WithSecurityContextTestExecutionListener@3ed7dd70, org.springframework.test.context.event.EventPublishingTestExecutionListener@6f3b13d0, org.springframework.security.test.context.support.ReactorContextTestExecutionListener@2964511, org.springframework.boot.test.mock.mockito.ResetMocksTestExecutionListener@6e9a10cd, org.springframework.boot.test.autoconfigure.restdocs.RestDocsTestExecutionListener@6ea66c33, org.springframework.boot.test.autoconfigure.web.client.MockRestServiceServerResetTestExecutionListener@59b447a4, org.springframework.boot.test.autoconfigure.web.servlet.MockMvcPrintOnlyOnFailureTestExecutionListener@69ba3f4e, org.springframework.boot.test.autoconfigure.web.servlet.WebDriverTestExecutionListener@579846cc, org.springframework.boot.test.autoconfigure.webservices.client.MockWebServiceServerTestExecutionListener@a826ff8]
 ::                                                         ____
 /\    ____                 ____             _              \ \ \
|/\|  / ___|___  _ __ ___  / ___| _ __  _ __(_)_ __   __ _   \ \ \
     | |   / _ \| '__/ _ \ \___ \| '_ \| '__| | '_ \ / _` |   \ \ \
     | |__| (_) | | |  __/  ___) | |_) | |  | | | | | (_| |   / / /
      \____\___/|_|  \___| |____/| .__/|_|  |_|_| |_|\__, |  / / /
 ================================|_|==================|___/=/_/_/=
   :: Core Spring Training ::                  :: v5.3.23.RELEASE ::

INFO : accounts.web.AccountControllerTests - Starting AccountControllerTests using Java 17.0.9 on iyuseogs-MacBook-Pro.local with PID 20208 (started by yuseogi in /Users/yuseogi/Desktop/work/github/Today-I-Learned/SPRING/spring-certified-professional/lab/42-security-rest)
DEBUG: accounts.web.AccountControllerTests - Running with Spring Boot v2.7.5, Spring v5.3.23
INFO : accounts.web.AccountControllerTests - No active profile set, falling back to 1 default profile: "default"
INFO : o.s.s.web.DefaultSecurityFilterChain - Will secure any request with [org.springframework.security.web.session.DisableEncodeUrlFilter@165d1d54, org.springframework.security.web.context.request.async.WebAsyncManagerIntegrationFilter@4be12f6c, org.springframework.security.web.context.SecurityContextPersistenceFilter@4a9bce99, org.springframework.security.web.header.HeaderWriterFilter@a5e8260, org.springframework.security.web.authentication.logout.LogoutFilter@3dfe59d7, org.springframework.security.web.authentication.www.BasicAuthenticationFilter@59a2d756, org.springframework.security.web.savedrequest.RequestCacheAwareFilter@5a0f87e5, org.springframework.security.web.servletapi.SecurityContextHolderAwareRequestFilter@243c4346, org.springframework.security.web.authentication.AnonymousAuthenticationFilter@52cb52bd, org.springframework.security.web.session.SessionManagementFilter@30c7be6f, org.springframework.security.web.access.ExceptionTranslationFilter@2c678c7b, org.springframework.security.web.access.intercept.AuthorizationFilter@5d08976a]
INFO : o.s.b.a.w.s.WelcomePageHandlerMapping - Adding welcome page: class path resource [static/index.html]
DEBUG: _.s.web.servlet.HandlerMapping.Mappings - 
	a.w.AccountController:
	{GET [/authorities]}: getAuthoritiesForUser(String)
	{GET [/accounts/{accountId}/beneficiaries/{beneficiaryName}]}: getBeneficiary(int,String)
	{POST [/accounts/{accountId}/beneficiaries]}: addBeneficiary(long,String)
	{DELETE [/accounts/{accountId}/beneficiaries/{beneficiaryName}]}: removeBeneficiary(long,String)
	{GET [/accounts]}: accountSummary()
	{GET [/accounts/{id}]}: accountDetails(int)
	{POST [/accounts]}: createAccount(Account)
DEBUG: _.s.web.servlet.HandlerMapping.Mappings - 
	o.s.b.a.w.s.e.BasicErrorController:
	{ [/error]}: error(HttpServletRequest)
	{ [/error], produces [text/html]}: errorHtml(HttpServletRequest,HttpServletResponse)
DEBUG: _.s.web.servlet.HandlerMapping.Mappings - 'beanNameHandlerMapping' {}
DEBUG: _.s.web.servlet.HandlerMapping.Mappings - 'resourceHandlerMapping' {/webjars/**=ResourceHttpRequestHandler [classpath [META-INF/resources/webjars/]], /**=ResourceHttpRequestHandler [classpath [META-INF/resources/], classpath [resources/], classpath [static/], classpath [public/], ServletContext [/]]}
INFO : o.s.b.t.m.w.SpringBootMockServletContext - Initializing Spring TestDispatcherServlet ''
INFO : o.s.t.web.servlet.TestDispatcherServlet - Initializing Servlet ''
INFO : o.s.t.web.servlet.TestDispatcherServlet - Completed initialization in 0 ms
INFO : accounts.web.AccountControllerTests - Started AccountControllerTests in 0.273 seconds (JVM running for 2.106)
]]></system-out>
  </testcase>
  <testcase name="accountDetails_with_superadmin_credentials_should_return_200" classname="accounts.web.AccountControllerTests" time="0">
    <skipped message="public void accounts.web.AccountControllerTests.accountDetails_with_superadmin_credentials_should_return_200() throws java.lang.Exception is @Disabled"/>
  </testcase>
  <testcase name="removeBeneficiary_with_USER_or_ADMIN_role_should_return_403" classname="accounts.web.AccountControllerTests" time="0">
    <skipped message="public void accounts.web.AccountControllerTests.removeBeneficiary_with_USER_or_ADMIN_role_should_return_403() throws java.lang.Exception is @Disabled"/>
  </testcase>
  <testcase name="accountDetails_with_USER_role_should_return_200" classname="accounts.web.AccountControllerTests" time="0">
    <skipped message="public void accounts.web.AccountControllerTests.accountDetails_with_USER_role_should_return_200() throws java.lang.Exception is @Disabled"/>
  </testcase>
  <testcase name="accountSummary_with_ADMIN_role_should_return_200" classname="accounts.web.AccountControllerTests" time="0">
    <skipped message="public void accounts.web.AccountControllerTests.accountSummary_with_ADMIN_role_should_return_200() throws java.lang.Exception is @Disabled"/>
  </testcase>
  <testcase name="accountDetails_with_admin_credentials_should_return_200" classname="accounts.web.AccountControllerTests" time="0">
    <skipped message="public void accounts.web.AccountControllerTests.accountDetails_with_admin_credentials_should_return_200() throws java.lang.Exception is @Disabled"/>
  </testcase>
  <testcase name="addBeneficiary_with_ADMIN_or_SUPERADMIN_role_should_return_201" classname="accounts.web.AccountControllerTests" time="0">
    <skipped message="public void accounts.web.AccountControllerTests.addBeneficiary_with_ADMIN_or_SUPERADMIN_role_should_return_201() throws java.lang.Exception is @Disabled"/>
  </testcase>
  <testcase name="accountSummary_with_invalid_role_should_return_403" classname="accounts.web.AccountControllerTests" time="0">
    <skipped message="void accounts.web.AccountControllerTests.accountSummary_with_invalid_role_should_return_403() throws java.lang.Exception is @Disabled"/>
  </testcase>
  <testcase name="removeBeneficiary_with_SUPERADMIN_role_should_return_204" classname="accounts.web.AccountControllerTests" time="0">
    <skipped message="public void accounts.web.AccountControllerTests.removeBeneficiary_with_SUPERADMIN_role_should_return_204() throws java.lang.Exception is @Disabled"/>
  </testcase>
  <testcase name="accountDetails_with_user_credentials_should_return_200" classname="accounts.web.AccountControllerTests" time="0">
    <skipped message="public void accounts.web.AccountControllerTests.accountDetails_with_user_credentials_should_return_200() throws java.lang.Exception is @Disabled"/>
  </testcase>
  <testcase name="createAccount_with_USER_role_should_return_403" classname="accounts.web.AccountControllerTests" time="0.011"/>
  <testcase name="accountDetailsFail_test_with_USER_role_should_proceed_successfully" classname="accounts.web.AccountControllerTests" time="0">
    <skipped message="public void accounts.web.AccountControllerTests.accountDetailsFail_test_with_USER_role_should_proceed_successfully() throws java.lang.Exception is @Disabled"/>
  </testcase>
  <testcase name="removeBeneficiaryFail_test_with_SUPERADMIN_role_should_proceed_successfully" classname="accounts.web.AccountControllerTests" time="0">
    <skipped message="public void accounts.web.AccountControllerTests.removeBeneficiaryFail_test_with_SUPERADMIN_role_should_proceed_successfully() throws java.lang.Exception is @Disabled"/>
  </testcase>
  <testcase name="createAccount_with_ADMIN_or_SUPERADMIN_role_should_return_201" classname="accounts.web.AccountControllerTests" time="0">
    <skipped message="public void accounts.web.AccountControllerTests.createAccount_with_ADMIN_or_SUPERADMIN_role_should_return_201() throws java.lang.Exception is @Disabled"/>
  </testcase>
  <testcase name="addBeneficiary_with_USER_role_should_return_403" classname="accounts.web.AccountControllerTests" time="0">
    <skipped message="public void accounts.web.AccountControllerTests.addBeneficiary_with_USER_role_should_return_403() throws java.lang.Exception is @Disabled"/>
  </testcase>
</testsuite>