<?xml version="1.0" encoding="UTF-8"?>
<beans xmlns="http://www.springframework.org/schema/beans"
       xmlns:xsi="http://www.w3.org/2001/XMLSchema-instance"
       xsi:schemaLocation="http://www.springframework.org/schema/beans
						http://www.springframework.org/schema/beans/spring-beans-3.0.xsd">
    <bean id="testDataSource" class="org.springframework.jdbc.datasource.SimpleDriverDataSource">
        <property name="driverClass" value="com.mysql.cj.jdbc.Driver" />
        <property name="url" value="jdbc:mysql://localhost:3306/testdb?useSSL=false" />
        <property name="username" value="root" />
        <property name="password" value="2db8ddasf" />
    </bean>

    <bean id="jdbcContext" class="springbook.user.dao.JdbcContext">
        <property name="dataSource" ref="testDataSource"/>
    </bean>

    <bean id="userDao" class="springbook.user.dao.UserDao">
        <property name="dataSource" ref="testDataSource" />
        <property name="jdbcContext" ref="jdbcContext" />
    </bean>
</beans>